d:\лабораторные\опи наркевич\2 семестр\lab15\15\kpo_3_sem-15\se_lab14\se_lab14\x64\debug\vc143.pdb
d:\лабораторные\опи наркевич\2 семестр\lab15\15\kpo_3_sem-15\se_lab14\se_lab14\x64\debug\vc143.idb
d:\лабораторные\опи наркевич\2 семестр\lab15\15\kpo_3_sem-15\se_lab14\se_lab14\x64\debug\parm.obj
d:\лабораторные\опи наркевич\2 семестр\lab15\15\kpo_3_sem-15\se_lab14\se_lab14\x64\debug\out.obj
d:\лабораторные\опи наркевич\2 семестр\lab15\15\kpo_3_sem-15\se_lab14\se_lab14\x64\debug\se_lab14.obj
d:\лабораторные\опи наркевич\2 семестр\lab15\15\kpo_3_sem-15\se_lab14\se_lab14\x64\debug\log.obj
d:\лабораторные\опи наркевич\2 семестр\lab15\15\kpo_3_sem-15\se_lab14\se_lab14\x64\debug\in.obj
d:\лабораторные\опи наркевич\2 семестр\lab15\15\kpo_3_sem-15\se_lab14\se_lab14\x64\debug\error.obj
d:\лабораторные\опи наркевич\2 семестр\lab15\15\kpo_3_sem-15\se_lab14\x64\debug\se_lab14.exe
d:\лабораторные\опи наркевич\2 семестр\lab15\15\kpo_3_sem-15\se_lab14\se_lab14\x64\debug\se_lab14.ilk
d:\лабораторные\опи наркевич\2 семестр\lab15\15\kpo_3_sem-15\se_lab14\x64\debug\se_lab14.pdb
d:\univer\2 kurs\kpo\lab_15\se_lab14\x64\debug\error.obj
d:\univer\2 kurs\kpo\lab_15\se_lab14\x64\debug\in.obj
d:\univer\2 kurs\kpo\lab_15\se_lab14\x64\debug\log.obj
d:\univer\2 kurs\kpo\lab_15\se_lab14\x64\debug\out.obj
d:\univer\2 kurs\kpo\lab_15\se_lab14\x64\debug\parm.obj
d:\univer\2 kurs\kpo\lab_15\se_lab14\x64\debug\se_lab14.obj
d:\univer\2 kurs\kpo\lab_15\se_lab14\x64\debug\se_lab14.ilk
d:\univer\2 kurs\kpo\lab_15\se_lab14\x64\debug\vc143.idb
d:\univer\2 kurs\kpo\lab_15\se_lab14\x64\debug\vc143.pdb
d:\univer\2 kurs\kpo\lab_15\x64\debug\se_lab14.pdb
d:\univer\2 kurs\kpo\lab_15\x64\debug\se_lab14.exe
d:\univer\2 kurs\kpo\lab_15\se_lab14\x64\debug\se_lab14.tlog\cl.command.1.tlog
d:\univer\2 kurs\kpo\lab_15\se_lab14\x64\debug\se_lab14.tlog\cl.items.tlog
d:\univer\2 kurs\kpo\lab_15\se_lab14\x64\debug\se_lab14.tlog\cl.read.1.tlog
d:\univer\2 kurs\kpo\lab_15\se_lab14\x64\debug\se_lab14.tlog\cl.write.1.tlog
d:\univer\2 kurs\kpo\lab_15\se_lab14\x64\debug\se_lab14.tlog\link.command.1.tlog
d:\univer\2 kurs\kpo\lab_15\se_lab14\x64\debug\se_lab14.tlog\link.read.1.tlog
d:\univer\2 kurs\kpo\lab_15\se_lab14\x64\debug\se_lab14.tlog\link.write.1.tlog
